# project  configured on Tue Oct 13 22:59:21 2015 by
# waf 1.7.11 (abi 98, python 20709f0 on linux2)
# using /home/hackallofit/pebble-dev/PebbleSDK-3.4/Pebble/waf configure
#
----------------------------------------
Setting top to
/home/hackallofit/Workspace/pebblejs
----------------------------------------
Setting out to
/home/hackallofit/Workspace/pebblejs/build
----------------------------------------
Found Pebble SDK for basalt in:
/home/hackallofit/pebble-dev/PebbleSDK-3.4/Pebble/basalt
----------------------------------------
Checking for program gcc,cc
arm-none-eabi-gcc
find program=['gcc', 'cc'] paths='' var='CC' -> 'arm-none-eabi-gcc'
----------------------------------------
Checking for program ar
arm-none-eabi-ar
find program=['ar'] paths='' var='AR' -> 'arm-none-eabi-ar'
----------------------------------------
Found Pebble SDK for aplite in:
/home/hackallofit/pebble-dev/PebbleSDK-3.4/Pebble/aplite
----------------------------------------
Checking for program gcc,cc
arm-none-eabi-gcc
find program=['gcc', 'cc'] paths='' var='CC' -> 'arm-none-eabi-gcc'
----------------------------------------
Checking for program ar
arm-none-eabi-ar
find program=['ar'] paths='' var='AR' -> 'arm-none-eabi-ar'
